<?xml version="1.0" encoding="UTF-8"?>
<!-- Generated by org.testng.reporters.JUnitXMLReporter -->
<testsuite ignored="2" hostname="mighty-PC" failures="0" tests="4" name="Test" time="69.903" errors="0" timestamp="2022-01-27T14:07:24 IST">
  <testcase classname="lockheedtest.ProductsPage" name="Login" time="7.917"/>
  <testcase classname="lockheedtest.ProductsPage" name="verifyDealsText" time="5.025"/>
  <testcase classname="lockheedtest.ProductsPage" name="searchForProduct" time="19.63"/>
  <testcase classname="lockheedtest.ProductsPage" name="applyFilters" time="5.036"/>
  <testcase classname="lockheedtest.HomePage" name="checkForProductsBar" time="0.0">
    <ignored/>
  </testcase> <!-- checkForProductsBar -->
  <testcase classname="lockheedtest.HomePage" name="clickLogin" time="0.0">
    <ignored/>
  </testcase> <!-- clickLogin -->
</testsuite> <!-- Test -->
