<?xml version="1.0" encoding="UTF-8"?>
<testng-results ignored="2" total="6" passed="4" failed="0" skipped="0">
  <reporter-output>
  </reporter-output>
  <suite started-at="2022-01-27T14:06:14 IST" name="Suite" finished-at="2022-01-27T14:07:24 IST" duration-ms="69903">
    <groups>
    </groups>
    <test started-at="2022-01-27T14:06:14 IST" name="Test" finished-at="2022-01-27T14:07:24 IST" duration-ms="69903">
      <class name="lockheedtest.ProductsPage">
        <test-method is-config="true" signature="openBrowser()[pri:0, instance:lockheedtest.ProductsPage@65a4798f]" started-at="2022-01-27T14:06:14 IST" name="openBrowser" finished-at="2022-01-27T14:06:41 IST" duration-ms="26583" status="PASS">
          <reporter-output>
          </reporter-output>
        </test-method> <!-- openBrowser -->
        <test-method signature="Login()[pri:1, instance:lockheedtest.ProductsPage@65a4798f]" started-at="2022-01-27T14:06:42 IST" name="Login" finished-at="2022-01-27T14:06:50 IST" duration-ms="7917" status="PASS">
          <reporter-output>
          </reporter-output>
        </test-method> <!-- Login -->
        <test-method signature="verifyDealsText()[pri:2, instance:lockheedtest.ProductsPage@65a4798f]" started-at="2022-01-27T14:06:50 IST" name="verifyDealsText" finished-at="2022-01-27T14:06:55 IST" duration-ms="5025" status="PASS">
          <reporter-output>
          </reporter-output>
        </test-method> <!-- verifyDealsText -->
        <test-method signature="searchForProduct()[pri:3, instance:lockheedtest.ProductsPage@65a4798f]" started-at="2022-01-27T14:06:55 IST" name="searchForProduct" finished-at="2022-01-27T14:07:14 IST" duration-ms="19630" status="PASS">
          <reporter-output>
          </reporter-output>
        </test-method> <!-- searchForProduct -->
        <test-method signature="applyFilters()[pri:4, instance:lockheedtest.ProductsPage@65a4798f]" started-at="2022-01-27T14:07:14 IST" name="applyFilters" finished-at="2022-01-27T14:07:19 IST" duration-ms="5036" status="PASS">
          <reporter-output>
          </reporter-output>
        </test-method> <!-- applyFilters -->
        <test-method is-config="true" signature="closeBrowser()[pri:0, instance:lockheedtest.ProductsPage@65a4798f]" started-at="2022-01-27T14:07:19 IST" name="closeBrowser" finished-at="2022-01-27T14:07:24 IST" duration-ms="5005" status="PASS">
          <reporter-output>
          </reporter-output>
        </test-method> <!-- closeBrowser -->
      </class> <!-- lockheedtest.ProductsPage -->
    </test> <!-- Test -->
  </suite> <!-- Suite -->
</testng-results>
